Flutter crash report.
Please report a bug at https://github.com/flutter/flutter/issues.

## command

flutter test --reporter expanded

## exception

FileSystemException: FileSystemException: Failed to decode data using encoding 'utf-8', path = '/Users/angel.tabar/Documents/proyectos/noma_chat_flutter/test/ui/adapter/last_message_sender_name_test.dart'

```
#0      _File._tryDecode (dart:io/file_impl.dart:708:7)
#1      _File.readAsStringSync (dart:io/file_impl.dart:719:7)
#2      Loader.loadFile (package:test_core/src/runner/loader.dart:162:32)
<asynchronous suspension>
```

## flutter doctor

```
[✓] Flutter (Channel stable, 3.38.5, on macOS 26.5 25F71 darwin-arm64, locale es-ES) [455ms]
    • Flutter version 3.38.5 on channel stable at /Users/angel.tabar/flutter
    • Upstream repository https://github.com/flutter/flutter.git
    • Framework revision f6ff1529fd (hace 6 meses), 2025-12-11 11:50:07 -0500
    • Engine revision 1527ae0ec5
    • Dart version 3.10.4
    • DevTools version 2.51.1
    • Feature flags: enable-web, enable-linux-desktop, enable-macos-desktop, enable-windows-desktop, enable-android, enable-ios, cli-animations, enable-native-assets, omit-legacy-version-file, enable-lldb-debugging

[✓] Android toolchain - develop for Android devices (Android SDK version 36.0.0) [1.253ms]
    • Android SDK at /Users/angel.tabar/Library/Android/sdk
    • Emulator version 35.2.10.0 (build_id 12414864) (CL:N/A)
    • Platform android-36, build-tools 36.0.0
    • Java binary at: /Applications/Android Studio.app/Contents/jbr/Contents/Home/bin/java
      This is the JDK bundled with the latest Android Studio installation on this machine.
      To manually set the JDK path, use: `flutter config --jdk-dir="path/to/jdk"`.
    • Java version OpenJDK Runtime Environment (build 21.0.3+-79915917-b509.11)
    • All Android licenses accepted.

[✓] Xcode - develop for iOS and macOS (Xcode 26.5) [941ms]
    • Xcode at /Applications/Xcode.app/Contents/Developer
    • Build 17F42
    • CocoaPods version 1.16.2

[✓] Chrome - develop for the web [13ms]
    • Chrome at /Applications/Google Chrome.app/Contents/MacOS/Google Chrome

[✓] Connected device (5 available) [6,3s]
    • harness-noma-alice (mobile)   • FE051B9C-2019-4A2E-82B2-E440618690FF • ios            • com.apple.CoreSimulator.SimRuntime.iOS-26-5 (simulator)
    • harness-noma-bob (mobile)     • D2A34754-0FD5-49AE-9D61-827EE352A3B6 • ios            • com.apple.CoreSimulator.SimRuntime.iOS-26-5 (simulator)
    • harness-noma-charlie (mobile) • DED5EF32-5799-4CE4-84F7-CE6800136B9E • ios            • com.apple.CoreSimulator.SimRuntime.iOS-26-5 (simulator)
    • macOS (desktop)               • macos                                • darwin-arm64   • macOS 26.5 25F71 darwin-arm64
    • Chrome (web)                  • chrome                               • web-javascript • Google Chrome 148.0.7778.168
    ! Error: Browsing on the local area network for iPhone de Angel . Ensure the device is unlocked and attached with a cable or associated with the same local area network as this Mac.
      The device must be opted into Developer Mode to connect wirelessly. (code -27)

[✓] Network resources [327ms]
    • All expected network resources are available.

• No issues found!
```
